Analysis & Synthesis report for Wykonawczy
Sun Jan 22 20:44:34 2023
Quartus Prime Version 20.1.1 Build 720 11/11/2020 SJ Lite Edition


---------------------
; Table of Contents ;
---------------------
  1. Legal Notice
  2. Analysis & Synthesis Summary
  3. Analysis & Synthesis Settings
  4. Parallel Compilation
  5. Analysis & Synthesis Source Files Read
  6. Analysis & Synthesis Resource Usage Summary
  7. Analysis & Synthesis Resource Utilization by Entity
  8. User-Specified and Inferred Latches
  9. Registers Removed During Synthesis
 10. Removed Registers Triggering Further Register Optimizations
 11. General Register Statistics
 12. Multiplexer Restructuring Statistics (Restructuring Performed)
 13. Port Connectivity Checks: "Bank:inst1|reg_16b:inst|reg8b:r2"
 14. Port Connectivity Checks: "Bank:inst1|reg_16b:inst|reg8b:r1"
 15. Post-Synthesis Netlist Statistics for Top Partition
 16. Elapsed Time Per Partition
 17. Analysis & Synthesis Messages



----------------
; Legal Notice ;
----------------
Copyright (C) 2020  Intel Corporation. All rights reserved.
Your use of Intel Corporation's design tools, logic functions 
and other software and tools, and any partner logic 
functions, and any output files from any of the foregoing 
(including device programming or simulation files), and any 
associated documentation or information are expressly subject 
to the terms and conditions of the Intel Program License 
Subscription Agreement, the Intel Quartus Prime License Agreement,
the Intel FPGA IP License Agreement, or other applicable license
agreement, including, without limitation, that your use is for
the sole purpose of programming logic devices manufactured by
Intel and sold by Intel or its authorized distributors.  Please
refer to the applicable agreement for further details, at
https://fpgasoftware.intel.com/eula.



+----------------------------------------------------------------------------------+
; Analysis & Synthesis Summary                                                     ;
+------------------------------------+---------------------------------------------+
; Analysis & Synthesis Status        ; Successful - Sun Jan 22 20:44:34 2023       ;
; Quartus Prime Version              ; 20.1.1 Build 720 11/11/2020 SJ Lite Edition ;
; Revision Name                      ; Wykonawczy                                  ;
; Top-level Entity Name              ; Wykonawczy                                  ;
; Family                             ; MAX 10                                      ;
; Total logic elements               ; 96                                          ;
;     Total combinational functions  ; 96                                          ;
;     Dedicated logic registers      ; 8                                           ;
; Total registers                    ; 8                                           ;
; Total pins                         ; 52                                          ;
; Total virtual pins                 ; 0                                           ;
; Total memory bits                  ; 0                                           ;
; Embedded Multiplier 9-bit elements ; 0                                           ;
; Total PLLs                         ; 0                                           ;
; UFM blocks                         ; 0                                           ;
; ADC blocks                         ; 0                                           ;
+------------------------------------+---------------------------------------------+


+------------------------------------------------------------------------------------------------------------+
; Analysis & Synthesis Settings                                                                              ;
+------------------------------------------------------------------+--------------------+--------------------+
; Option                                                           ; Setting            ; Default Value      ;
+------------------------------------------------------------------+--------------------+--------------------+
; Device                                                           ; 10M08DAF484C8G     ;                    ;
; Top-level entity name                                            ; Wykonawczy         ; Wykonawczy         ;
; Family name                                                      ; MAX 10             ; Cyclone V          ;
; Use smart compilation                                            ; Off                ; Off                ;
; Enable parallel Assembler and Timing Analyzer during compilation ; On                 ; On                 ;
; Enable compact report table                                      ; Off                ; Off                ;
; Restructure Multiplexers                                         ; Auto               ; Auto               ;
; Create Debugging Nodes for IP Cores                              ; Off                ; Off                ;
; Preserve fewer node names                                        ; On                 ; On                 ;
; Intel FPGA IP Evaluation Mode                                    ; Enable             ; Enable             ;
; Verilog Version                                                  ; Verilog_2001       ; Verilog_2001       ;
; VHDL Version                                                     ; VHDL_1993          ; VHDL_1993          ;
; State Machine Processing                                         ; Auto               ; Auto               ;
; Safe State Machine                                               ; Off                ; Off                ;
; Extract Verilog State Machines                                   ; On                 ; On                 ;
; Extract VHDL State Machines                                      ; On                 ; On                 ;
; Ignore Verilog initial constructs                                ; Off                ; Off                ;
; Iteration limit for constant Verilog loops                       ; 5000               ; 5000               ;
; Iteration limit for non-constant Verilog loops                   ; 250                ; 250                ;
; Add Pass-Through Logic to Inferred RAMs                          ; On                 ; On                 ;
; Infer RAMs from Raw Logic                                        ; On                 ; On                 ;
; Parallel Synthesis                                               ; On                 ; On                 ;
; DSP Block Balancing                                              ; Auto               ; Auto               ;
; NOT Gate Push-Back                                               ; On                 ; On                 ;
; Power-Up Don't Care                                              ; On                 ; On                 ;
; Remove Redundant Logic Cells                                     ; Off                ; Off                ;
; Remove Duplicate Registers                                       ; On                 ; On                 ;
; Ignore CARRY Buffers                                             ; Off                ; Off                ;
; Ignore CASCADE Buffers                                           ; Off                ; Off                ;
; Ignore GLOBAL Buffers                                            ; Off                ; Off                ;
; Ignore ROW GLOBAL Buffers                                        ; Off                ; Off                ;
; Ignore LCELL Buffers                                             ; Off                ; Off                ;
; Ignore SOFT Buffers                                              ; On                 ; On                 ;
; Limit AHDL Integers to 32 Bits                                   ; Off                ; Off                ;
; Optimization Technique                                           ; Balanced           ; Balanced           ;
; Carry Chain Length                                               ; 70                 ; 70                 ;
; Auto Carry Chains                                                ; On                 ; On                 ;
; Auto Open-Drain Pins                                             ; On                 ; On                 ;
; Perform WYSIWYG Primitive Resynthesis                            ; Off                ; Off                ;
; Auto ROM Replacement                                             ; On                 ; On                 ;
; Auto RAM Replacement                                             ; On                 ; On                 ;
; Auto DSP Block Replacement                                       ; On                 ; On                 ;
; Auto Shift Register Replacement                                  ; Auto               ; Auto               ;
; Allow Shift Register Merging across Hierarchies                  ; Auto               ; Auto               ;
; Auto Clock Enable Replacement                                    ; On                 ; On                 ;
; Strict RAM Replacement                                           ; Off                ; Off                ;
; Allow Synchronous Control Signals                                ; On                 ; On                 ;
; Force Use of Synchronous Clear Signals                           ; Off                ; Off                ;
; Auto RAM Block Balancing                                         ; On                 ; On                 ;
; Auto RAM to Logic Cell Conversion                                ; Off                ; Off                ;
; Auto Resource Sharing                                            ; Off                ; Off                ;
; Allow Any RAM Size For Recognition                               ; Off                ; Off                ;
; Allow Any ROM Size For Recognition                               ; Off                ; Off                ;
; Allow Any Shift Register Size For Recognition                    ; Off                ; Off                ;
; Use LogicLock Constraints during Resource Balancing              ; On                 ; On                 ;
; Ignore translate_off and synthesis_off directives                ; Off                ; Off                ;
; Timing-Driven Synthesis                                          ; On                 ; On                 ;
; Report Parameter Settings                                        ; On                 ; On                 ;
; Report Source Assignments                                        ; On                 ; On                 ;
; Report Connectivity Checks                                       ; On                 ; On                 ;
; Ignore Maximum Fan-Out Assignments                               ; Off                ; Off                ;
; Synchronization Register Chain Length                            ; 2                  ; 2                  ;
; Power Optimization During Synthesis                              ; Normal compilation ; Normal compilation ;
; HDL message level                                                ; Level2             ; Level2             ;
; Suppress Register Optimization Related Messages                  ; Off                ; Off                ;
; Number of Removed Registers Reported in Synthesis Report         ; 5000               ; 5000               ;
; Number of Swept Nodes Reported in Synthesis Report               ; 5000               ; 5000               ;
; Number of Inverted Registers Reported in Synthesis Report        ; 100                ; 100                ;
; Clock MUX Protection                                             ; On                 ; On                 ;
; Auto Gated Clock Conversion                                      ; Off                ; Off                ;
; Block Design Naming                                              ; Auto               ; Auto               ;
; SDC constraint protection                                        ; Off                ; Off                ;
; Synthesis Effort                                                 ; Auto               ; Auto               ;
; Shift Register Replacement - Allow Asynchronous Clear Signal     ; On                 ; On                 ;
; Pre-Mapping Resynthesis Optimization                             ; Off                ; Off                ;
; Analysis & Synthesis Message Level                               ; Medium             ; Medium             ;
; Disable Register Merging Across Hierarchies                      ; Auto               ; Auto               ;
; Resource Aware Inference For Block RAM                           ; On                 ; On                 ;
+------------------------------------------------------------------+--------------------+--------------------+


+------------------------------------------+
; Parallel Compilation                     ;
+----------------------------+-------------+
; Processors                 ; Number      ;
+----------------------------+-------------+
; Number detected on machine ; 8           ;
; Maximum allowed            ; 4           ;
;                            ;             ;
; Average used               ; 1.00        ;
; Maximum used               ; 4           ;
;                            ;             ;
; Usage by Processor         ; % Time Used ;
;     Processor 1            ; 100.0%      ;
;     Processor 2            ;   0.0%      ;
;     Processors 3-4         ;   0.0%      ;
+----------------------------+-------------+


+-----------------------------------------------------------------------------------------------------------------------------------------------------------------------------------------+
; Analysis & Synthesis Source Files Read                                                                                                                                                  ;
+----------------------------------------------+-----------------+------------------------------------+-------------------------------------------------------------------------+---------+
; File Name with User-Entered Path             ; Used in Netlist ; File Type                          ; File Name with Absolute Path                                            ; Library ;
+----------------------------------------------+-----------------+------------------------------------+-------------------------------------------------------------------------+---------+
; ../ASK_ALU/rej_flag2.vhd                     ; yes             ; User VHDL File                     ; C:/Users/banan/Desktop/PROJEKT ASK HUBERT/ASK_ALU/rej_flag2.vhd         ;         ;
; ../ASK_ALU/conp_log_8b.vhd                   ; yes             ; User VHDL File                     ; C:/Users/banan/Desktop/PROJEKT ASK HUBERT/ASK_ALU/conp_log_8b.vhd       ;         ;
; ../Test/reg_16b.vhd                          ; yes             ; User VHDL File                     ; C:/Users/banan/Desktop/PROJEKT ASK HUBERT/Test/reg_16b.vhd              ;         ;
; ../ASK_BANK_REJ/mux1x6_8b.vhd                ; yes             ; User VHDL File                     ; C:/Users/banan/Desktop/PROJEKT ASK HUBERT/ASK_BANK_REJ/mux1x6_8b.vhd    ;         ;
; ../ASK_ALU/ASK_6.bdf                         ; yes             ; User Block Diagram/Schematic File  ; C:/Users/banan/Desktop/PROJEKT ASK HUBERT/ASK_ALU/ASK_6.bdf             ;         ;
; ../ASK_BANK_REJ/Bank.bdf                     ; yes             ; User Block Diagram/Schematic File  ; C:/Users/banan/Desktop/PROJEKT ASK HUBERT/ASK_BANK_REJ/Bank.bdf         ;         ;
; ../../maxPplus_II/wisniewski/reg8b.vhd       ; yes             ; User VHDL File                     ; C:/Users/banan/Desktop/maxPplus_II/wisniewski/reg8b.vhd                 ;         ;
; ../../maxPplus_II/wisniewski/mux4x1_8b.vhd   ; yes             ; User VHDL File                     ; C:/Users/banan/Desktop/maxPplus_II/wisniewski/mux4x1_8b.vhd             ;         ;
; ../../maxPplus_II/wisniewski/mux3x1_8b.vhd   ; yes             ; User VHDL File                     ; C:/Users/banan/Desktop/maxPplus_II/wisniewski/mux3x1_8b.vhd             ;         ;
; ../../maxPplus_II/wisniewski/mux2x1_8b.vhd   ; yes             ; User VHDL File                     ; C:/Users/banan/Desktop/maxPplus_II/wisniewski/mux2x1_8b.vhd             ;         ;
; ../../maxPplus_II/wisniewski/full_add_8b.vhd ; yes             ; User VHDL File                     ; C:/Users/banan/Desktop/maxPplus_II/wisniewski/full_add_8b.vhd           ;         ;
; Wykonawczy.bdf                               ; yes             ; User Block Diagram/Schematic File  ; C:/Users/banan/Desktop/PROJEKT ASK HUBERT/ASK_WYKONAWCZY/Wykonawczy.bdf ;         ;
+----------------------------------------------+-----------------+------------------------------------+-------------------------------------------------------------------------+---------+


+-----------------------------------------------------------------------+
; Analysis & Synthesis Resource Usage Summary                           ;
+---------------------------------------------+-------------------------+
; Resource                                    ; Usage                   ;
+---------------------------------------------+-------------------------+
; Estimated Total logic elements              ; 96                      ;
;                                             ;                         ;
; Total combinational functions               ; 96                      ;
; Logic element usage by number of LUT inputs ;                         ;
;     -- 4 input functions                    ; 52                      ;
;     -- 3 input functions                    ; 39                      ;
;     -- <=2 input functions                  ; 5                       ;
;                                             ;                         ;
; Logic elements by mode                      ;                         ;
;     -- normal mode                          ; 96                      ;
;     -- arithmetic mode                      ; 0                       ;
;                                             ;                         ;
; Total registers                             ; 8                       ;
;     -- Dedicated logic registers            ; 8                       ;
;     -- I/O registers                        ; 0                       ;
;                                             ;                         ;
; I/O pins                                    ; 52                      ;
;                                             ;                         ;
; Embedded Multiplier 9-bit elements          ; 0                       ;
;                                             ;                         ;
; Maximum fan-out node                        ; mux2x1_8b:inst7|wy[7]~0 ;
; Maximum fan-out                             ; 21                      ;
; Total fan-out                               ; 419                     ;
; Average fan-out                             ; 2.01                    ;
+---------------------------------------------+-------------------------+


+----------------------------------------------------------------------------------------------------------------------------------------------------------------------------------------------------------------------------------------------------------------------------------------+
; Analysis & Synthesis Resource Utilization by Entity                                                                                                                                                                                                                                    ;
+-------------------------------------+---------------------+---------------------------+-------------+------------+--------------+---------+-----------+------+--------------+------------+-------------------------------------------------------+----------------------+--------------+
; Compilation Hierarchy Node          ; Combinational ALUTs ; Dedicated Logic Registers ; Memory Bits ; UFM Blocks ; DSP Elements ; DSP 9x9 ; DSP 18x18 ; Pins ; Virtual Pins ; ADC blocks ; Full Hierarchy Name                                   ; Entity Name          ; Library Name ;
+-------------------------------------+---------------------+---------------------------+-------------+------------+--------------+---------+-----------+------+--------------+------------+-------------------------------------------------------+----------------------+--------------+
; |Wykonawczy                         ; 96 (0)              ; 8 (0)                     ; 0           ; 0          ; 0            ; 0       ; 0         ; 52   ; 0            ; 0          ; |Wykonawczy                                           ; Wykonawczy           ; work         ;
;    |ASK_6:inst2|                    ; 72 (0)              ; 0 (0)                     ; 0           ; 0          ; 0            ; 0       ; 0         ; 0    ; 0            ; 0          ; |Wykonawczy|ASK_6:inst2                               ; ASK_6                ; work         ;
;       |full_add_8b:inst5|           ; 10 (0)              ; 0 (0)                     ; 0           ; 0          ; 0            ; 0       ; 0         ; 0    ; 0            ; 0          ; |Wykonawczy|ASK_6:inst2|full_add_8b:inst5             ; full_add_8b          ; work         ;
;          |full_add:s0|              ; 1 (1)               ; 0 (0)                     ; 0           ; 0          ; 0            ; 0       ; 0         ; 0    ; 0            ; 0          ; |Wykonawczy|ASK_6:inst2|full_add_8b:inst5|full_add:s0 ; full_add             ; work         ;
;          |full_add:s1|              ; 2 (2)               ; 0 (0)                     ; 0           ; 0          ; 0            ; 0       ; 0         ; 0    ; 0            ; 0          ; |Wykonawczy|ASK_6:inst2|full_add_8b:inst5|full_add:s1 ; full_add             ; work         ;
;          |full_add:s3|              ; 1 (1)               ; 0 (0)                     ; 0           ; 0          ; 0            ; 0       ; 0         ; 0    ; 0            ; 0          ; |Wykonawczy|ASK_6:inst2|full_add_8b:inst5|full_add:s3 ; full_add             ; work         ;
;          |full_add:s4|              ; 2 (2)               ; 0 (0)                     ; 0           ; 0          ; 0            ; 0       ; 0         ; 0    ; 0            ; 0          ; |Wykonawczy|ASK_6:inst2|full_add_8b:inst5|full_add:s4 ; full_add             ; work         ;
;          |full_add:s5|              ; 1 (1)               ; 0 (0)                     ; 0           ; 0          ; 0            ; 0       ; 0         ; 0    ; 0            ; 0          ; |Wykonawczy|ASK_6:inst2|full_add_8b:inst5|full_add:s5 ; full_add             ; work         ;
;          |full_add:s6|              ; 1 (1)               ; 0 (0)                     ; 0           ; 0          ; 0            ; 0       ; 0         ; 0    ; 0            ; 0          ; |Wykonawczy|ASK_6:inst2|full_add_8b:inst5|full_add:s6 ; full_add             ; work         ;
;          |full_add:s7|              ; 2 (2)               ; 0 (0)                     ; 0           ; 0          ; 0            ; 0       ; 0         ; 0    ; 0            ; 0          ; |Wykonawczy|ASK_6:inst2|full_add_8b:inst5|full_add:s7 ; full_add             ; work         ;
;       |logic_comp_8b_extend:inst15| ; 25 (25)             ; 0 (0)                     ; 0           ; 0          ; 0            ; 0       ; 0         ; 0    ; 0            ; 0          ; |Wykonawczy|ASK_6:inst2|logic_comp_8b_extend:inst15   ; logic_comp_8b_extend ; work         ;
;       |mux2x1_8b:inst1|             ; 4 (4)               ; 0 (0)                     ; 0           ; 0          ; 0            ; 0       ; 0         ; 0    ; 0            ; 0          ; |Wykonawczy|ASK_6:inst2|mux2x1_8b:inst1               ; mux2x1_8b            ; work         ;
;       |mux2x1_8b:inst2|             ; 33 (33)             ; 0 (0)                     ; 0           ; 0          ; 0            ; 0       ; 0         ; 0    ; 0            ; 0          ; |Wykonawczy|ASK_6:inst2|mux2x1_8b:inst2               ; mux2x1_8b            ; work         ;
;    |mux2x1_8b:inst11|               ; 8 (8)               ; 0 (0)                     ; 0           ; 0          ; 0            ; 0       ; 0         ; 0    ; 0            ; 0          ; |Wykonawczy|mux2x1_8b:inst11                          ; mux2x1_8b            ; work         ;
;    |mux2x1_8b:inst7|                ; 13 (13)             ; 0 (0)                     ; 0           ; 0          ; 0            ; 0       ; 0         ; 0    ; 0            ; 0          ; |Wykonawczy|mux2x1_8b:inst7                           ; mux2x1_8b            ; work         ;
;    |reg8b:inst4|                    ; 3 (3)               ; 8 (8)                     ; 0           ; 0          ; 0            ; 0       ; 0         ; 0    ; 0            ; 0          ; |Wykonawczy|reg8b:inst4                               ; reg8b                ; work         ;
+-------------------------------------+---------------------+---------------------------+-------------+------------+--------------+---------+-----------+------+--------------+------------+-------------------------------------------------------+----------------------+--------------+
Note: For table entries with two numbers listed, the numbers in parentheses indicate the number of resources of the given type used by the specific entity alone. The numbers listed outside of parentheses indicate the total resources of the given type used by the specific entity and all of its sub-entities in the hierarchy.


+-----------------------------------------------------------------------------------------------------------------------------------+
; User-Specified and Inferred Latches                                                                                               ;
+-----------------------------------------------------+----------------------------------------------------+------------------------+
; Latch Name                                          ; Latch Enable Signal                                ; Free of Timing Hazards ;
+-----------------------------------------------------+----------------------------------------------------+------------------------+
; ASK_6:inst2|logic_comp_8b_extend:inst15|xor_res[6]  ; ASK_6:inst2|logic_comp_8b_extend:inst15|xor_res[7] ; yes                    ;
; ASK_6:inst2|logic_comp_8b_extend:inst15|nor_res[6]  ; mux2x1_8b:inst7|wy[7]                              ; yes                    ;
; ASK_6:inst2|logic_comp_8b_extend:inst15|or_res[6]   ; mux2x1_8b:inst7|wy[7]                              ; yes                    ;
; ASK_6:inst2|logic_comp_8b_extend:inst15|xor_res[5]  ; ASK_6:inst2|logic_comp_8b_extend:inst15|xor_res[7] ; yes                    ;
; ASK_6:inst2|logic_comp_8b_extend:inst15|nor_res[5]  ; mux2x1_8b:inst7|wy[7]                              ; yes                    ;
; ASK_6:inst2|logic_comp_8b_extend:inst15|or_res[5]   ; mux2x1_8b:inst7|wy[7]                              ; yes                    ;
; ASK_6:inst2|logic_comp_8b_extend:inst15|xor_res[4]  ; ASK_6:inst2|logic_comp_8b_extend:inst15|xor_res[7] ; yes                    ;
; ASK_6:inst2|logic_comp_8b_extend:inst15|nor_res[4]  ; mux2x1_8b:inst7|wy[7]                              ; yes                    ;
; ASK_6:inst2|logic_comp_8b_extend:inst15|or_res[4]   ; mux2x1_8b:inst7|wy[7]                              ; yes                    ;
; ASK_6:inst2|logic_comp_8b_extend:inst15|xor_res[3]  ; ASK_6:inst2|logic_comp_8b_extend:inst15|xor_res[7] ; yes                    ;
; ASK_6:inst2|logic_comp_8b_extend:inst15|nor_res[3]  ; mux2x1_8b:inst7|wy[7]                              ; yes                    ;
; ASK_6:inst2|logic_comp_8b_extend:inst15|or_res[3]   ; mux2x1_8b:inst7|wy[7]                              ; yes                    ;
; ASK_6:inst2|logic_comp_8b_extend:inst15|nor_res[2]  ; mux2x1_8b:inst7|wy[7]                              ; yes                    ;
; ASK_6:inst2|logic_comp_8b_extend:inst15|or_res[2]   ; mux2x1_8b:inst7|wy[7]                              ; yes                    ;
; ASK_6:inst2|logic_comp_8b_extend:inst15|nor_res[1]  ; mux2x1_8b:inst7|wy[7]                              ; yes                    ;
; ASK_6:inst2|logic_comp_8b_extend:inst15|or_res[1]   ; mux2x1_8b:inst7|wy[7]                              ; yes                    ;
; ASK_6:inst2|logic_comp_8b_extend:inst15|nor_res[0]  ; mux2x1_8b:inst7|wy[7]                              ; yes                    ;
; ASK_6:inst2|logic_comp_8b_extend:inst15|or_res[0]   ; mux2x1_8b:inst7|wy[7]                              ; yes                    ;
; Number of user-specified and inferred latches = 18  ;                                                    ;                        ;
+-----------------------------------------------------+----------------------------------------------------+------------------------+
Note: All latches listed above may not be present at the end of synthesis due to various synthesis optimizations.


+--------------------------------------------------------------------------------------------+
; Registers Removed During Synthesis                                                         ;
+-----------------------------------------------------+--------------------------------------+
; Register name                                       ; Reason for Removal                   ;
+-----------------------------------------------------+--------------------------------------+
; Bank:inst1|reg_16b:inst2|reg8b:r2|wy[0..7]          ; Stuck at GND due to stuck port clock ;
; Bank:inst1|reg_16b:inst2|reg8b:r1|wy[0..7]          ; Stuck at GND due to stuck port clock ;
; Bank:inst1|reg_16b:inst1|reg8b:r2|wy[0..7]          ; Stuck at GND due to stuck port clock ;
; Bank:inst1|reg_16b:inst1|reg8b:r1|wy[0..7]          ; Stuck at GND due to stuck port clock ;
; Bank:inst1|reg_16b:inst|reg8b:r2|wy[0..7]           ; Stuck at GND due to stuck port clock ;
; Bank:inst1|reg_16b:inst|reg8b:r1|wy[0..7]           ; Stuck at GND due to stuck port clock ;
; ASK_6:inst2|flag_reg_only_extended:inst4|flag[0..5] ; Stuck at GND due to stuck port clear ;
; Total Number of Removed Registers = 54              ;                                      ;
+-----------------------------------------------------+--------------------------------------+


+-----------------------------------------------------------------------------------------------------------------------+
; Removed Registers Triggering Further Register Optimizations                                                           ;
+-----------------------------------------+-------------------------+---------------------------------------------------+
; Register name                           ; Reason for Removal      ; Registers Removed due to This Register            ;
+-----------------------------------------+-------------------------+---------------------------------------------------+
; Bank:inst1|reg_16b:inst2|reg8b:r2|wy[7] ; Stuck at GND            ; ASK_6:inst2|flag_reg_only_extended:inst4|flag[5], ;
;                                         ; due to stuck port clock ; ASK_6:inst2|flag_reg_only_extended:inst4|flag[4], ;
;                                         ;                         ; ASK_6:inst2|flag_reg_only_extended:inst4|flag[3]  ;
; Bank:inst1|reg_16b:inst2|reg8b:r1|wy[7] ; Stuck at GND            ; ASK_6:inst2|flag_reg_only_extended:inst4|flag[2], ;
;                                         ; due to stuck port clock ; ASK_6:inst2|flag_reg_only_extended:inst4|flag[1], ;
;                                         ;                         ; ASK_6:inst2|flag_reg_only_extended:inst4|flag[0]  ;
+-----------------------------------------+-------------------------+---------------------------------------------------+


+------------------------------------------------------+
; General Register Statistics                          ;
+----------------------------------------------+-------+
; Statistic                                    ; Value ;
+----------------------------------------------+-------+
; Total registers                              ; 8     ;
; Number of registers using Synchronous Clear  ; 0     ;
; Number of registers using Synchronous Load   ; 0     ;
; Number of registers using Asynchronous Clear ; 8     ;
; Number of registers using Asynchronous Load  ; 0     ;
; Number of registers using Clock Enable       ; 0     ;
; Number of registers using Preset             ; 0     ;
+----------------------------------------------+-------+


+-------------------------------------------------------------------------------------------------------------------------------------------------+
; Multiplexer Restructuring Statistics (Restructuring Performed)                                                                                  ;
+--------------------+-----------+---------------+----------------------+------------------------+------------+-----------------------------------+
; Multiplexer Inputs ; Bus Width ; Baseline Area ; Area if Restructured ; Saving if Restructured ; Registered ; Example Multiplexer Output        ;
+--------------------+-----------+---------------+----------------------+------------------------+------------+-----------------------------------+
; 9:1                ; 8 bits    ; 48 LEs        ; 32 LEs               ; 16 LEs                 ; Yes        ; |Wykonawczy|reg8b:inst4|wy[7]     ;
; 3:1                ; 8 bits    ; 16 LEs        ; 16 LEs               ; 0 LEs                  ; No         ; |Wykonawczy|mux2x1_8b:inst7|wy[7] ;
+--------------------+-----------+---------------+----------------------+------------------------+------------+-----------------------------------+


+-------------------------------------------------------------------------------------------------------------------------------------------------------------------------+
; Port Connectivity Checks: "Bank:inst1|reg_16b:inst|reg8b:r2"                                                                                                            ;
+-------+-------+----------+----------------------------------------------------------------------------------------------------------------------------------------------+
; Port  ; Type  ; Severity ; Details                                                                                                                                      ;
+-------+-------+----------+----------------------------------------------------------------------------------------------------------------------------------------------+
; ld    ; Input ; Warning  ; Declared by entity but not connected by instance. If a default value exists, it will be used.  Otherwise, the port will be connected to GND. ;
; reset ; Input ; Warning  ; Declared by entity but not connected by instance. If a default value exists, it will be used.  Otherwise, the port will be connected to GND. ;
+-------+-------+----------+----------------------------------------------------------------------------------------------------------------------------------------------+


+-------------------------------------------------------------------------------------------------------------------------------------------------------------------------+
; Port Connectivity Checks: "Bank:inst1|reg_16b:inst|reg8b:r1"                                                                                                            ;
+-------+-------+----------+----------------------------------------------------------------------------------------------------------------------------------------------+
; Port  ; Type  ; Severity ; Details                                                                                                                                      ;
+-------+-------+----------+----------------------------------------------------------------------------------------------------------------------------------------------+
; ld    ; Input ; Warning  ; Declared by entity but not connected by instance. If a default value exists, it will be used.  Otherwise, the port will be connected to GND. ;
; reset ; Input ; Warning  ; Declared by entity but not connected by instance. If a default value exists, it will be used.  Otherwise, the port will be connected to GND. ;
+-------+-------+----------+----------------------------------------------------------------------------------------------------------------------------------------------+


+-----------------------------------------------------+
; Post-Synthesis Netlist Statistics for Top Partition ;
+-----------------------+-----------------------------+
; Type                  ; Count                       ;
+-----------------------+-----------------------------+
; boundary_port         ; 52                          ;
; cycloneiii_ff         ; 8                           ;
;     CLR               ; 8                           ;
; cycloneiii_lcell_comb ; 97                          ;
;     normal            ; 97                          ;
;         0 data inputs ; 1                           ;
;         2 data inputs ; 5                           ;
;         3 data inputs ; 39                          ;
;         4 data inputs ; 52                          ;
;                       ;                             ;
; Max LUT depth         ; 7.00                        ;
; Average LUT depth     ; 4.55                        ;
+-----------------------+-----------------------------+


+-------------------------------+
; Elapsed Time Per Partition    ;
+----------------+--------------+
; Partition Name ; Elapsed Time ;
+----------------+--------------+
; Top            ; 00:00:00     ;
+----------------+--------------+


+-------------------------------+
; Analysis & Synthesis Messages ;
+-------------------------------+
Info: *******************************************************************
Info: Running Quartus Prime Analysis & Synthesis
    Info: Version 20.1.1 Build 720 11/11/2020 SJ Lite Edition
    Info: Processing started: Sun Jan 22 20:44:24 2023
Info: Command: quartus_map --read_settings_files=on --write_settings_files=off Wykonawczy -c Wykonawczy
Warning (18236): Number of processors has not been specified which may cause overloading on shared machines.  Set the global assignment NUM_PARALLEL_PROCESSORS in your QSF to an appropriate value for best performance.
Info (20030): Parallel compilation is enabled and will use 4 of the 4 processors detected
Info (12021): Found 2 design units, including 1 entities, in source file /users/banan/desktop/projekt ask hubert/ask_alu/rej_flag2.vhd
    Info (12022): Found design unit 1: flag_reg_only_extended-flag_reg_only_extended_arch File: C:/Users/banan/Desktop/PROJEKT ASK HUBERT/ASK_ALU/rej_flag2.vhd Line: 12
    Info (12023): Found entity 1: flag_reg_only_extended File: C:/Users/banan/Desktop/PROJEKT ASK HUBERT/ASK_ALU/rej_flag2.vhd Line: 4
Info (12021): Found 2 design units, including 1 entities, in source file /users/banan/desktop/projekt ask hubert/ask_alu/conp_log_8b.vhd
    Info (12022): Found design unit 1: logic_comp_8b_extend-logic_comp_8b_extend_arch File: C:/Users/banan/Desktop/PROJEKT ASK HUBERT/ASK_ALU/conp_log_8b.vhd Line: 11
    Info (12023): Found entity 1: logic_comp_8b_extend File: C:/Users/banan/Desktop/PROJEKT ASK HUBERT/ASK_ALU/conp_log_8b.vhd Line: 5
Info (12021): Found 2 design units, including 1 entities, in source file /users/banan/desktop/projekt ask hubert/test/reg_16b.vhd
    Info (12022): Found design unit 1: reg_16b-reg_16b_arch File: C:/Users/banan/Desktop/PROJEKT ASK HUBERT/Test/reg_16b.vhd Line: 11
    Info (12023): Found entity 1: reg_16b File: C:/Users/banan/Desktop/PROJEKT ASK HUBERT/Test/reg_16b.vhd Line: 4
Info (12021): Found 2 design units, including 1 entities, in source file /users/banan/desktop/projekt ask hubert/ask_bank_rej/mux1x6_8b.vhd
    Info (12022): Found design unit 1: mux1x6_8b-mux1x6_8b_arch File: C:/Users/banan/Desktop/PROJEKT ASK HUBERT/ASK_BANK_REJ/mux1x6_8b.vhd Line: 10
    Info (12023): Found entity 1: mux1x6_8b File: C:/Users/banan/Desktop/PROJEKT ASK HUBERT/ASK_BANK_REJ/mux1x6_8b.vhd Line: 4
Info (12021): Found 1 design units, including 1 entities, in source file /users/banan/desktop/projekt ask hubert/ask_alu/ask_6.bdf
    Info (12023): Found entity 1: ASK_6
Info (12021): Found 1 design units, including 1 entities, in source file /users/banan/desktop/projekt ask hubert/ask_bank_rej/bank.bdf
    Info (12023): Found entity 1: Bank
Info (12021): Found 2 design units, including 1 entities, in source file /users/banan/desktop/maxpplus_ii/wisniewski/sum8b.vhd
    Info (12022): Found design unit 1: sum8b-sum8b_arch File: C:/Users/banan/Desktop/maxPplus_II/wisniewski/sum8b.vhd Line: 10
    Info (12023): Found entity 1: sum8b File: C:/Users/banan/Desktop/maxPplus_II/wisniewski/sum8b.vhd Line: 5
Info (12021): Found 2 design units, including 1 entities, in source file /users/banan/desktop/maxpplus_ii/wisniewski/reg8b.vhd
    Info (12022): Found design unit 1: reg8b-reg8b_arch File: C:/Users/banan/Desktop/maxPplus_II/wisniewski/reg8b.vhd Line: 11
    Info (12023): Found entity 1: reg8b File: C:/Users/banan/Desktop/maxPplus_II/wisniewski/reg8b.vhd Line: 4
Info (12021): Found 2 design units, including 1 entities, in source file /users/banan/desktop/maxpplus_ii/wisniewski/mux4x1_8b.vhd
    Info (12022): Found design unit 1: mux4x1_8b-mux4x1_8b_arch File: C:/Users/banan/Desktop/maxPplus_II/wisniewski/mux4x1_8b.vhd Line: 10
    Info (12023): Found entity 1: mux4x1_8b File: C:/Users/banan/Desktop/maxPplus_II/wisniewski/mux4x1_8b.vhd Line: 4
Info (12021): Found 2 design units, including 1 entities, in source file /users/banan/desktop/maxpplus_ii/wisniewski/mux4x1_3b.vhd
    Info (12022): Found design unit 1: mux4x1_3b-mux4x1_3b_arch File: C:/Users/banan/Desktop/maxPplus_II/wisniewski/mux4x1_3b.vhd Line: 10
    Info (12023): Found entity 1: mux4x1_3b File: C:/Users/banan/Desktop/maxPplus_II/wisniewski/mux4x1_3b.vhd Line: 4
Info (12021): Found 2 design units, including 1 entities, in source file /users/banan/desktop/maxpplus_ii/wisniewski/mux4x1_2b.vhd
    Info (12022): Found design unit 1: mux4x1_2b-mux4x1_2b_arch File: C:/Users/banan/Desktop/maxPplus_II/wisniewski/mux4x1_2b.vhd Line: 10
    Info (12023): Found entity 1: mux4x1_2b File: C:/Users/banan/Desktop/maxPplus_II/wisniewski/mux4x1_2b.vhd Line: 4
Info (12021): Found 2 design units, including 1 entities, in source file /users/banan/desktop/maxpplus_ii/wisniewski/mux3x1_8b.vhd
    Info (12022): Found design unit 1: mux3x1_8b-mux3x1_8b_arch File: C:/Users/banan/Desktop/maxPplus_II/wisniewski/mux3x1_8b.vhd Line: 10
    Info (12023): Found entity 1: mux3x1_8b File: C:/Users/banan/Desktop/maxPplus_II/wisniewski/mux3x1_8b.vhd Line: 4
Info (12021): Found 2 design units, including 1 entities, in source file /users/banan/desktop/maxpplus_ii/wisniewski/mux3x1_2b.vhd
    Info (12022): Found design unit 1: mux3x1_2b-mux3x1_2b_arch File: C:/Users/banan/Desktop/maxPplus_II/wisniewski/mux3x1_2b.vhd Line: 10
    Info (12023): Found entity 1: mux3x1_2b File: C:/Users/banan/Desktop/maxPplus_II/wisniewski/mux3x1_2b.vhd Line: 4
Info (12021): Found 2 design units, including 1 entities, in source file /users/banan/desktop/maxpplus_ii/wisniewski/mux2x1_8b.vhd
    Info (12022): Found design unit 1: mux2x1_8b-mux2x1_8b_arch File: C:/Users/banan/Desktop/maxPplus_II/wisniewski/mux2x1_8b.vhd Line: 10
    Info (12023): Found entity 1: mux2x1_8b File: C:/Users/banan/Desktop/maxPplus_II/wisniewski/mux2x1_8b.vhd Line: 4
Info (12021): Found 2 design units, including 1 entities, in source file /users/banan/desktop/maxpplus_ii/wisniewski/mux2x1_2b.vhd
    Info (12022): Found design unit 1: mux2x1_2b-mux2x1_2b_arch File: C:/Users/banan/Desktop/maxPplus_II/wisniewski/mux2x1_2b.vhd Line: 10
    Info (12023): Found entity 1: mux2x1_2b File: C:/Users/banan/Desktop/maxPplus_II/wisniewski/mux2x1_2b.vhd Line: 4
Info (12021): Found 2 design units, including 1 entities, in source file /users/banan/desktop/maxpplus_ii/wisniewski/mux1x4_8b.vhd
    Info (12022): Found design unit 1: mux1x4_8b-mux1x4_8b_arch File: C:/Users/banan/Desktop/maxPplus_II/wisniewski/mux1x4_8b.vhd Line: 10
    Info (12023): Found entity 1: mux1x4_8b File: C:/Users/banan/Desktop/maxPplus_II/wisniewski/mux1x4_8b.vhd Line: 4
Info (12021): Found 2 design units, including 1 entities, in source file /users/banan/desktop/maxpplus_ii/wisniewski/mux1x3_8b.vhd
    Info (12022): Found design unit 1: mux1x3_8b-mux1x3_8b_arch File: C:/Users/banan/Desktop/maxPplus_II/wisniewski/mux1x3_8b.vhd Line: 10
    Info (12023): Found entity 1: mux1x3_8b File: C:/Users/banan/Desktop/maxPplus_II/wisniewski/mux1x3_8b.vhd Line: 4
Info (12021): Found 2 design units, including 1 entities, in source file /users/banan/desktop/maxpplus_ii/wisniewski/mux1x2_8b.vhd
    Info (12022): Found design unit 1: mux1x2_8b-mux1x2_8b_arch File: C:/Users/banan/Desktop/maxPplus_II/wisniewski/mux1x2_8b.vhd Line: 10
    Info (12023): Found entity 1: mux1x2_8b File: C:/Users/banan/Desktop/maxPplus_II/wisniewski/mux1x2_8b.vhd Line: 4
Info (12021): Found 2 design units, including 1 entities, in source file /users/banan/desktop/maxpplus_ii/wisniewski/gen_cl.vhd
    Info (12022): Found design unit 1: gen_cl-gen_cl_arch File: C:/Users/banan/Desktop/maxPplus_II/wisniewski/gen_cl.vhd Line: 10
    Info (12023): Found entity 1: gen_cl File: C:/Users/banan/Desktop/maxPplus_II/wisniewski/gen_cl.vhd Line: 5
Info (12021): Found 4 design units, including 2 entities, in source file /users/banan/desktop/maxpplus_ii/wisniewski/full_add_8b.vhd
    Info (12022): Found design unit 1: full_add-full_add_arch File: C:/Users/banan/Desktop/maxPplus_II/wisniewski/full_add_8b.vhd Line: 21
    Info (12022): Found design unit 2: full_add_8b-full_add_8b_arch File: C:/Users/banan/Desktop/maxPplus_II/wisniewski/full_add_8b.vhd Line: 27
    Info (12023): Found entity 1: full_add_8b File: C:/Users/banan/Desktop/maxPplus_II/wisniewski/full_add_8b.vhd Line: 4
    Info (12023): Found entity 2: full_add File: C:/Users/banan/Desktop/maxPplus_II/wisniewski/full_add_8b.vhd Line: 14
Info (12021): Found 2 design units, including 1 entities, in source file /users/banan/desktop/maxpplus_ii/wisniewski/dec2x4.vhd
    Info (12022): Found design unit 1: dec2x4-dec2x4_arch File: C:/Users/banan/Desktop/maxPplus_II/wisniewski/dec2x4.vhd Line: 11
    Info (12023): Found entity 1: dec2x4 File: C:/Users/banan/Desktop/maxPplus_II/wisniewski/dec2x4.vhd Line: 4
Info (12021): Found 2 design units, including 1 entities, in source file /users/banan/desktop/maxpplus_ii/wisniewski/comp_8b.vhd
    Info (12022): Found design unit 1: comp_8b-comp_8b_arch File: C:/Users/banan/Desktop/maxPplus_II/wisniewski/comp_8b.vhd Line: 10
    Info (12023): Found entity 1: comp_8b File: C:/Users/banan/Desktop/maxPplus_II/wisniewski/comp_8b.vhd Line: 5
Info (12021): Found 1 design units, including 1 entities, in source file wykonawczy.bdf
    Info (12023): Found entity 1: Wykonawczy
Info (12127): Elaborating entity "Wykonawczy" for the top level hierarchy
Warning (275085): Found inconsistent dimensions for element "adr1"
Warning (275085): Found inconsistent dimensions for element "adr2"
Warning (275085): Found inconsistent dimensions for element "adr3"
Warning (275085): Found inconsistent dimensions for element "adr4"
Warning (275085): Found inconsistent dimensions for element "adr5"
Warning (275080): Converted elements in bus name "adr1" using legacy naming rules. Make any assignments on the new names, not on the original names.
    Warning (275081): Converted element name(s) from "adr1[1..0]" to "adr11..0"
Warning (275080): Converted elements in bus name "adr2" using legacy naming rules. Make any assignments on the new names, not on the original names.
    Warning (275081): Converted element name(s) from "adr2[1..0]" to "adr21..0"
Warning (275080): Converted elements in bus name "adr3" using legacy naming rules. Make any assignments on the new names, not on the original names.
    Warning (275081): Converted element name(s) from "adr3[1..0]" to "adr31..0"
Warning (275080): Converted elements in bus name "adr4" using legacy naming rules. Make any assignments on the new names, not on the original names.
    Warning (275081): Converted element name(s) from "adr4[1..0]" to "adr41..0"
Warning (275080): Converted elements in bus name "adr5" using legacy naming rules. Make any assignments on the new names, not on the original names.
    Warning (275081): Converted element name(s) from "adr5[1..0]" to "adr51..0"
Info (12128): Elaborating entity "ASK_6" for hierarchy "ASK_6:inst2"
Info (12128): Elaborating entity "flag_reg_only_extended" for hierarchy "ASK_6:inst2|flag_reg_only_extended:inst4"
Info (12128): Elaborating entity "logic_comp_8b_extend" for hierarchy "ASK_6:inst2|logic_comp_8b_extend:inst15"
Warning (10631): VHDL Process Statement warning at conp_log_8b.vhd(13): inferring latch(es) for signal or variable "and_res", which holds its previous value in one or more paths through the process File: C:/Users/banan/Desktop/PROJEKT ASK HUBERT/ASK_ALU/conp_log_8b.vhd Line: 13
Warning (10631): VHDL Process Statement warning at conp_log_8b.vhd(13): inferring latch(es) for signal or variable "nand_res", which holds its previous value in one or more paths through the process File: C:/Users/banan/Desktop/PROJEKT ASK HUBERT/ASK_ALU/conp_log_8b.vhd Line: 13
Warning (10631): VHDL Process Statement warning at conp_log_8b.vhd(13): inferring latch(es) for signal or variable "or_res", which holds its previous value in one or more paths through the process File: C:/Users/banan/Desktop/PROJEKT ASK HUBERT/ASK_ALU/conp_log_8b.vhd Line: 13
Warning (10631): VHDL Process Statement warning at conp_log_8b.vhd(13): inferring latch(es) for signal or variable "nor_res", which holds its previous value in one or more paths through the process File: C:/Users/banan/Desktop/PROJEKT ASK HUBERT/ASK_ALU/conp_log_8b.vhd Line: 13
Warning (10631): VHDL Process Statement warning at conp_log_8b.vhd(13): inferring latch(es) for signal or variable "xor_res", which holds its previous value in one or more paths through the process File: C:/Users/banan/Desktop/PROJEKT ASK HUBERT/ASK_ALU/conp_log_8b.vhd Line: 13
Info (10041): Inferred latch for "xor_res[0]" at conp_log_8b.vhd(13) File: C:/Users/banan/Desktop/PROJEKT ASK HUBERT/ASK_ALU/conp_log_8b.vhd Line: 13
Info (10041): Inferred latch for "xor_res[1]" at conp_log_8b.vhd(13) File: C:/Users/banan/Desktop/PROJEKT ASK HUBERT/ASK_ALU/conp_log_8b.vhd Line: 13
Info (10041): Inferred latch for "xor_res[2]" at conp_log_8b.vhd(13) File: C:/Users/banan/Desktop/PROJEKT ASK HUBERT/ASK_ALU/conp_log_8b.vhd Line: 13
Info (10041): Inferred latch for "xor_res[3]" at conp_log_8b.vhd(13) File: C:/Users/banan/Desktop/PROJEKT ASK HUBERT/ASK_ALU/conp_log_8b.vhd Line: 13
Info (10041): Inferred latch for "xor_res[4]" at conp_log_8b.vhd(13) File: C:/Users/banan/Desktop/PROJEKT ASK HUBERT/ASK_ALU/conp_log_8b.vhd Line: 13
Info (10041): Inferred latch for "xor_res[5]" at conp_log_8b.vhd(13) File: C:/Users/banan/Desktop/PROJEKT ASK HUBERT/ASK_ALU/conp_log_8b.vhd Line: 13
Info (10041): Inferred latch for "xor_res[6]" at conp_log_8b.vhd(13) File: C:/Users/banan/Desktop/PROJEKT ASK HUBERT/ASK_ALU/conp_log_8b.vhd Line: 13
Info (10041): Inferred latch for "xor_res[7]" at conp_log_8b.vhd(13) File: C:/Users/banan/Desktop/PROJEKT ASK HUBERT/ASK_ALU/conp_log_8b.vhd Line: 13
Info (10041): Inferred latch for "nor_res[0]" at conp_log_8b.vhd(13) File: C:/Users/banan/Desktop/PROJEKT ASK HUBERT/ASK_ALU/conp_log_8b.vhd Line: 13
Info (10041): Inferred latch for "nor_res[1]" at conp_log_8b.vhd(13) File: C:/Users/banan/Desktop/PROJEKT ASK HUBERT/ASK_ALU/conp_log_8b.vhd Line: 13
Info (10041): Inferred latch for "nor_res[2]" at conp_log_8b.vhd(13) File: C:/Users/banan/Desktop/PROJEKT ASK HUBERT/ASK_ALU/conp_log_8b.vhd Line: 13
Info (10041): Inferred latch for "nor_res[3]" at conp_log_8b.vhd(13) File: C:/Users/banan/Desktop/PROJEKT ASK HUBERT/ASK_ALU/conp_log_8b.vhd Line: 13
Info (10041): Inferred latch for "nor_res[4]" at conp_log_8b.vhd(13) File: C:/Users/banan/Desktop/PROJEKT ASK HUBERT/ASK_ALU/conp_log_8b.vhd Line: 13
Info (10041): Inferred latch for "nor_res[5]" at conp_log_8b.vhd(13) File: C:/Users/banan/Desktop/PROJEKT ASK HUBERT/ASK_ALU/conp_log_8b.vhd Line: 13
Info (10041): Inferred latch for "nor_res[6]" at conp_log_8b.vhd(13) File: C:/Users/banan/Desktop/PROJEKT ASK HUBERT/ASK_ALU/conp_log_8b.vhd Line: 13
Info (10041): Inferred latch for "nor_res[7]" at conp_log_8b.vhd(13) File: C:/Users/banan/Desktop/PROJEKT ASK HUBERT/ASK_ALU/conp_log_8b.vhd Line: 13
Info (10041): Inferred latch for "or_res[0]" at conp_log_8b.vhd(13) File: C:/Users/banan/Desktop/PROJEKT ASK HUBERT/ASK_ALU/conp_log_8b.vhd Line: 13
Info (10041): Inferred latch for "or_res[1]" at conp_log_8b.vhd(13) File: C:/Users/banan/Desktop/PROJEKT ASK HUBERT/ASK_ALU/conp_log_8b.vhd Line: 13
Info (10041): Inferred latch for "or_res[2]" at conp_log_8b.vhd(13) File: C:/Users/banan/Desktop/PROJEKT ASK HUBERT/ASK_ALU/conp_log_8b.vhd Line: 13
Info (10041): Inferred latch for "or_res[3]" at conp_log_8b.vhd(13) File: C:/Users/banan/Desktop/PROJEKT ASK HUBERT/ASK_ALU/conp_log_8b.vhd Line: 13
Info (10041): Inferred latch for "or_res[4]" at conp_log_8b.vhd(13) File: C:/Users/banan/Desktop/PROJEKT ASK HUBERT/ASK_ALU/conp_log_8b.vhd Line: 13
Info (10041): Inferred latch for "or_res[5]" at conp_log_8b.vhd(13) File: C:/Users/banan/Desktop/PROJEKT ASK HUBERT/ASK_ALU/conp_log_8b.vhd Line: 13
Info (10041): Inferred latch for "or_res[6]" at conp_log_8b.vhd(13) File: C:/Users/banan/Desktop/PROJEKT ASK HUBERT/ASK_ALU/conp_log_8b.vhd Line: 13
Info (10041): Inferred latch for "or_res[7]" at conp_log_8b.vhd(13) File: C:/Users/banan/Desktop/PROJEKT ASK HUBERT/ASK_ALU/conp_log_8b.vhd Line: 13
Info (10041): Inferred latch for "nand_res[0]" at conp_log_8b.vhd(13) File: C:/Users/banan/Desktop/PROJEKT ASK HUBERT/ASK_ALU/conp_log_8b.vhd Line: 13
Info (10041): Inferred latch for "nand_res[1]" at conp_log_8b.vhd(13) File: C:/Users/banan/Desktop/PROJEKT ASK HUBERT/ASK_ALU/conp_log_8b.vhd Line: 13
Info (10041): Inferred latch for "nand_res[2]" at conp_log_8b.vhd(13) File: C:/Users/banan/Desktop/PROJEKT ASK HUBERT/ASK_ALU/conp_log_8b.vhd Line: 13
Info (10041): Inferred latch for "nand_res[3]" at conp_log_8b.vhd(13) File: C:/Users/banan/Desktop/PROJEKT ASK HUBERT/ASK_ALU/conp_log_8b.vhd Line: 13
Info (10041): Inferred latch for "nand_res[4]" at conp_log_8b.vhd(13) File: C:/Users/banan/Desktop/PROJEKT ASK HUBERT/ASK_ALU/conp_log_8b.vhd Line: 13
Info (10041): Inferred latch for "nand_res[5]" at conp_log_8b.vhd(13) File: C:/Users/banan/Desktop/PROJEKT ASK HUBERT/ASK_ALU/conp_log_8b.vhd Line: 13
Info (10041): Inferred latch for "nand_res[6]" at conp_log_8b.vhd(13) File: C:/Users/banan/Desktop/PROJEKT ASK HUBERT/ASK_ALU/conp_log_8b.vhd Line: 13
Info (10041): Inferred latch for "nand_res[7]" at conp_log_8b.vhd(13) File: C:/Users/banan/Desktop/PROJEKT ASK HUBERT/ASK_ALU/conp_log_8b.vhd Line: 13
Info (10041): Inferred latch for "and_res[0]" at conp_log_8b.vhd(13) File: C:/Users/banan/Desktop/PROJEKT ASK HUBERT/ASK_ALU/conp_log_8b.vhd Line: 13
Info (10041): Inferred latch for "and_res[1]" at conp_log_8b.vhd(13) File: C:/Users/banan/Desktop/PROJEKT ASK HUBERT/ASK_ALU/conp_log_8b.vhd Line: 13
Info (10041): Inferred latch for "and_res[2]" at conp_log_8b.vhd(13) File: C:/Users/banan/Desktop/PROJEKT ASK HUBERT/ASK_ALU/conp_log_8b.vhd Line: 13
Info (10041): Inferred latch for "and_res[3]" at conp_log_8b.vhd(13) File: C:/Users/banan/Desktop/PROJEKT ASK HUBERT/ASK_ALU/conp_log_8b.vhd Line: 13
Info (10041): Inferred latch for "and_res[4]" at conp_log_8b.vhd(13) File: C:/Users/banan/Desktop/PROJEKT ASK HUBERT/ASK_ALU/conp_log_8b.vhd Line: 13
Info (10041): Inferred latch for "and_res[5]" at conp_log_8b.vhd(13) File: C:/Users/banan/Desktop/PROJEKT ASK HUBERT/ASK_ALU/conp_log_8b.vhd Line: 13
Info (10041): Inferred latch for "and_res[6]" at conp_log_8b.vhd(13) File: C:/Users/banan/Desktop/PROJEKT ASK HUBERT/ASK_ALU/conp_log_8b.vhd Line: 13
Info (10041): Inferred latch for "and_res[7]" at conp_log_8b.vhd(13) File: C:/Users/banan/Desktop/PROJEKT ASK HUBERT/ASK_ALU/conp_log_8b.vhd Line: 13
Info (12128): Elaborating entity "full_add_8b" for hierarchy "ASK_6:inst2|full_add_8b:inst5"
Info (12128): Elaborating entity "full_add" for hierarchy "ASK_6:inst2|full_add_8b:inst5|full_add:s0" File: C:/Users/banan/Desktop/maxPplus_II/wisniewski/full_add_8b.vhd Line: 39
Info (12128): Elaborating entity "mux2x1_8b" for hierarchy "ASK_6:inst2|mux2x1_8b:inst1"
Info (12128): Elaborating entity "mux3x1_8b" for hierarchy "ASK_6:inst2|mux3x1_8b:inst"
Info (12128): Elaborating entity "mux4x1_8b" for hierarchy "ASK_6:inst2|mux4x1_8b:inst8"
Info (12128): Elaborating entity "reg8b" for hierarchy "reg8b:inst4"
Info (12128): Elaborating entity "Bank" for hierarchy "Bank:inst1"
Info (12128): Elaborating entity "reg_16b" for hierarchy "Bank:inst1|reg_16b:inst"
Info (12128): Elaborating entity "mux1x6_8b" for hierarchy "Bank:inst1|mux1x6_8b:inst10"
Warning (12241): 2 hierarchies have connectivity warnings - see the Connectivity Checks report folder
Warning (13012): Latch ASK_6:inst2|logic_comp_8b_extend:inst15|xor_res[6] has unsafe behavior File: C:/Users/banan/Desktop/PROJEKT ASK HUBERT/ASK_ALU/conp_log_8b.vhd Line: 13
    Warning (13013): Ports D and ENA on the latch are fed by the same signal adr4
Warning (13012): Latch ASK_6:inst2|logic_comp_8b_extend:inst15|nor_res[6] has unsafe behavior File: C:/Users/banan/Desktop/PROJEKT ASK HUBERT/ASK_ALU/conp_log_8b.vhd Line: 13
    Warning (13013): Ports D and ENA on the latch are fed by the same signal adr4
Warning (13012): Latch ASK_6:inst2|logic_comp_8b_extend:inst15|or_res[6] has unsafe behavior File: C:/Users/banan/Desktop/PROJEKT ASK HUBERT/ASK_ALU/conp_log_8b.vhd Line: 13
    Warning (13013): Ports D and ENA on the latch are fed by the same signal adr4
Warning (13012): Latch ASK_6:inst2|logic_comp_8b_extend:inst15|xor_res[5] has unsafe behavior File: C:/Users/banan/Desktop/PROJEKT ASK HUBERT/ASK_ALU/conp_log_8b.vhd Line: 13
    Warning (13013): Ports D and ENA on the latch are fed by the same signal adr4
Warning (13012): Latch ASK_6:inst2|logic_comp_8b_extend:inst15|nor_res[5] has unsafe behavior File: C:/Users/banan/Desktop/PROJEKT ASK HUBERT/ASK_ALU/conp_log_8b.vhd Line: 13
    Warning (13013): Ports D and ENA on the latch are fed by the same signal adr4
Warning (13012): Latch ASK_6:inst2|logic_comp_8b_extend:inst15|or_res[5] has unsafe behavior File: C:/Users/banan/Desktop/PROJEKT ASK HUBERT/ASK_ALU/conp_log_8b.vhd Line: 13
    Warning (13013): Ports D and ENA on the latch are fed by the same signal adr4
Warning (13012): Latch ASK_6:inst2|logic_comp_8b_extend:inst15|xor_res[4] has unsafe behavior File: C:/Users/banan/Desktop/PROJEKT ASK HUBERT/ASK_ALU/conp_log_8b.vhd Line: 13
    Warning (13013): Ports D and ENA on the latch are fed by the same signal adr4
Warning (13012): Latch ASK_6:inst2|logic_comp_8b_extend:inst15|nor_res[4] has unsafe behavior File: C:/Users/banan/Desktop/PROJEKT ASK HUBERT/ASK_ALU/conp_log_8b.vhd Line: 13
    Warning (13013): Ports D and ENA on the latch are fed by the same signal adr4
Warning (13012): Latch ASK_6:inst2|logic_comp_8b_extend:inst15|or_res[4] has unsafe behavior File: C:/Users/banan/Desktop/PROJEKT ASK HUBERT/ASK_ALU/conp_log_8b.vhd Line: 13
    Warning (13013): Ports D and ENA on the latch are fed by the same signal adr4
Warning (13012): Latch ASK_6:inst2|logic_comp_8b_extend:inst15|xor_res[3] has unsafe behavior File: C:/Users/banan/Desktop/PROJEKT ASK HUBERT/ASK_ALU/conp_log_8b.vhd Line: 13
    Warning (13013): Ports D and ENA on the latch are fed by the same signal adr4
Warning (13012): Latch ASK_6:inst2|logic_comp_8b_extend:inst15|nor_res[3] has unsafe behavior File: C:/Users/banan/Desktop/PROJEKT ASK HUBERT/ASK_ALU/conp_log_8b.vhd Line: 13
    Warning (13013): Ports D and ENA on the latch are fed by the same signal adr4
Warning (13012): Latch ASK_6:inst2|logic_comp_8b_extend:inst15|or_res[3] has unsafe behavior File: C:/Users/banan/Desktop/PROJEKT ASK HUBERT/ASK_ALU/conp_log_8b.vhd Line: 13
    Warning (13013): Ports D and ENA on the latch are fed by the same signal adr4
Warning (13012): Latch ASK_6:inst2|logic_comp_8b_extend:inst15|nor_res[2] has unsafe behavior File: C:/Users/banan/Desktop/PROJEKT ASK HUBERT/ASK_ALU/conp_log_8b.vhd Line: 13
    Warning (13013): Ports D and ENA on the latch are fed by the same signal adr4
Warning (13012): Latch ASK_6:inst2|logic_comp_8b_extend:inst15|or_res[2] has unsafe behavior File: C:/Users/banan/Desktop/PROJEKT ASK HUBERT/ASK_ALU/conp_log_8b.vhd Line: 13
    Warning (13013): Ports D and ENA on the latch are fed by the same signal adr4
Warning (13012): Latch ASK_6:inst2|logic_comp_8b_extend:inst15|nor_res[1] has unsafe behavior File: C:/Users/banan/Desktop/PROJEKT ASK HUBERT/ASK_ALU/conp_log_8b.vhd Line: 13
    Warning (13013): Ports D and ENA on the latch are fed by the same signal adr4
Warning (13012): Latch ASK_6:inst2|logic_comp_8b_extend:inst15|or_res[1] has unsafe behavior File: C:/Users/banan/Desktop/PROJEKT ASK HUBERT/ASK_ALU/conp_log_8b.vhd Line: 13
    Warning (13013): Ports D and ENA on the latch are fed by the same signal adr4
Warning (13012): Latch ASK_6:inst2|logic_comp_8b_extend:inst15|nor_res[0] has unsafe behavior File: C:/Users/banan/Desktop/PROJEKT ASK HUBERT/ASK_ALU/conp_log_8b.vhd Line: 13
    Warning (13013): Ports D and ENA on the latch are fed by the same signal adr4
Warning (13012): Latch ASK_6:inst2|logic_comp_8b_extend:inst15|or_res[0] has unsafe behavior File: C:/Users/banan/Desktop/PROJEKT ASK HUBERT/ASK_ALU/conp_log_8b.vhd Line: 13
    Warning (13013): Ports D and ENA on the latch are fed by the same signal adr4
Warning (13024): Output pins are stuck at VCC or GND
    Warning (13410): Pin "flags[5]" is stuck at GND
    Warning (13410): Pin "flags[4]" is stuck at GND
    Warning (13410): Pin "flags[3]" is stuck at GND
    Warning (13410): Pin "flags[2]" is stuck at GND
    Warning (13410): Pin "flags[1]" is stuck at GND
    Warning (13410): Pin "flags[0]" is stuck at GND
Info (286030): Timing-Driven Synthesis is running
Info (16010): Generating hard_block partition "hard_block:auto_generated_inst"
    Info (16011): Adding 0 node(s), including 0 DDIO, 0 PLL, 0 transceiver and 0 LCELL
Warning (21074): Design contains 18 input pin(s) that do not drive logic
    Warning (15610): No output dependent on input pin "ld4"
    Warning (15610): No output dependent on input pin "adr2"
    Warning (15610): No output dependent on input pin "ld1"
    Warning (15610): No output dependent on input pin "ld2"
    Warning (15610): No output dependent on input pin "ld3"
    Warning (15610): No output dependent on input pin "adr11"
    Warning (15610): No output dependent on input pin "adr10"
    Warning (15610): No output dependent on input pin "adr21"
    Warning (15610): No output dependent on input pin "adr20"
    Warning (15610): No output dependent on input pin "adr31"
    Warning (15610): No output dependent on input pin "adr30"
    Warning (15610): No output dependent on input pin "adr41"
    Warning (15610): No output dependent on input pin "adr40"
    Warning (15610): No output dependent on input pin "adr51"
    Warning (15610): No output dependent on input pin "adr50"
    Warning (15610): No output dependent on input pin "adr6[2]"
    Warning (15610): No output dependent on input pin "adr6[1]"
    Warning (15610): No output dependent on input pin "adr6[0]"
Info (21057): Implemented 148 device resources after synthesis - the final resource count might be different
    Info (21058): Implemented 38 input pins
    Info (21059): Implemented 14 output pins
    Info (21061): Implemented 96 logic cells
Info: Quartus Prime Analysis & Synthesis was successful. 0 errors, 84 warnings
    Info: Peak virtual memory: 4796 megabytes
    Info: Processing ended: Sun Jan 22 20:44:34 2023
    Info: Elapsed time: 00:00:10
    Info: Total CPU time (on all processors): 00:00:21


