Analysis & Synthesis report for Stos
Fri Jan 27 19:36:41 2023
Quartus Prime Version 20.1.1 Build 720 11/11/2020 SJ Lite Edition


---------------------
; Table of Contents ;
---------------------
  1. Legal Notice
  2. Analysis & Synthesis Summary
  3. Analysis & Synthesis Settings
  4. Parallel Compilation
  5. Analysis & Synthesis Messages



----------------
; Legal Notice ;
----------------
Copyright (C) 2020  Intel Corporation. All rights reserved.
Your use of Intel Corporation's design tools, logic functions 
and other software and tools, and any partner logic 
functions, and any output files from any of the foregoing 
(including device programming or simulation files), and any 
associated documentation or information are expressly subject 
to the terms and conditions of the Intel Program License 
Subscription Agreement, the Intel Quartus Prime License Agreement,
the Intel FPGA IP License Agreement, or other applicable license
agreement, including, without limitation, that your use is for
the sole purpose of programming logic devices manufactured by
Intel and sold by Intel or its authorized distributors.  Please
refer to the applicable agreement for further details, at
https://fpgasoftware.intel.com/eula.



+----------------------------------------------------------------------------------+
; Analysis & Synthesis Summary                                                     ;
+------------------------------------+---------------------------------------------+
; Analysis & Synthesis Status        ; Failed - Fri Jan 27 19:36:41 2023           ;
; Quartus Prime Version              ; 20.1.1 Build 720 11/11/2020 SJ Lite Edition ;
; Revision Name                      ; Stos                                        ;
; Top-level Entity Name              ; Stos                                        ;
; Family                             ; MAX 10                                      ;
; Total logic elements               ; N/A until Partition Merge                   ;
;     Total combinational functions  ; N/A until Partition Merge                   ;
;     Dedicated logic registers      ; N/A until Partition Merge                   ;
; Total registers                    ; N/A until Partition Merge                   ;
; Total pins                         ; N/A until Partition Merge                   ;
; Total virtual pins                 ; N/A until Partition Merge                   ;
; Total memory bits                  ; N/A until Partition Merge                   ;
; Embedded Multiplier 9-bit elements ; N/A until Partition Merge                   ;
; Total PLLs                         ; N/A until Partition Merge                   ;
; UFM blocks                         ; N/A until Partition Merge                   ;
; ADC blocks                         ; N/A until Partition Merge                   ;
+------------------------------------+---------------------------------------------+


+------------------------------------------------------------------------------------------------------------+
; Analysis & Synthesis Settings                                                                              ;
+------------------------------------------------------------------+--------------------+--------------------+
; Option                                                           ; Setting            ; Default Value      ;
+------------------------------------------------------------------+--------------------+--------------------+
; Device                                                           ; 10M08DAF484C8G     ;                    ;
; Top-level entity name                                            ; Stos               ; Stos               ;
; Family name                                                      ; MAX 10             ; Cyclone V          ;
; Use smart compilation                                            ; Off                ; Off                ;
; Enable parallel Assembler and Timing Analyzer during compilation ; On                 ; On                 ;
; Enable compact report table                                      ; Off                ; Off                ;
; Restructure Multiplexers                                         ; Auto               ; Auto               ;
; Create Debugging Nodes for IP Cores                              ; Off                ; Off                ;
; Preserve fewer node names                                        ; On                 ; On                 ;
; Intel FPGA IP Evaluation Mode                                    ; Enable             ; Enable             ;
; Verilog Version                                                  ; Verilog_2001       ; Verilog_2001       ;
; VHDL Version                                                     ; VHDL_1993          ; VHDL_1993          ;
; State Machine Processing                                         ; Auto               ; Auto               ;
; Safe State Machine                                               ; Off                ; Off                ;
; Extract Verilog State Machines                                   ; On                 ; On                 ;
; Extract VHDL State Machines                                      ; On                 ; On                 ;
; Ignore Verilog initial constructs                                ; Off                ; Off                ;
; Iteration limit for constant Verilog loops                       ; 5000               ; 5000               ;
; Iteration limit for non-constant Verilog loops                   ; 250                ; 250                ;
; Add Pass-Through Logic to Inferred RAMs                          ; On                 ; On                 ;
; Infer RAMs from Raw Logic                                        ; On                 ; On                 ;
; Parallel Synthesis                                               ; On                 ; On                 ;
; DSP Block Balancing                                              ; Auto               ; Auto               ;
; NOT Gate Push-Back                                               ; On                 ; On                 ;
; Power-Up Don't Care                                              ; On                 ; On                 ;
; Remove Redundant Logic Cells                                     ; Off                ; Off                ;
; Remove Duplicate Registers                                       ; On                 ; On                 ;
; Ignore CARRY Buffers                                             ; Off                ; Off                ;
; Ignore CASCADE Buffers                                           ; Off                ; Off                ;
; Ignore GLOBAL Buffers                                            ; Off                ; Off                ;
; Ignore ROW GLOBAL Buffers                                        ; Off                ; Off                ;
; Ignore LCELL Buffers                                             ; Off                ; Off                ;
; Ignore SOFT Buffers                                              ; On                 ; On                 ;
; Limit AHDL Integers to 32 Bits                                   ; Off                ; Off                ;
; Optimization Technique                                           ; Balanced           ; Balanced           ;
; Carry Chain Length                                               ; 70                 ; 70                 ;
; Auto Carry Chains                                                ; On                 ; On                 ;
; Auto Open-Drain Pins                                             ; On                 ; On                 ;
; Perform WYSIWYG Primitive Resynthesis                            ; Off                ; Off                ;
; Auto ROM Replacement                                             ; On                 ; On                 ;
; Auto RAM Replacement                                             ; On                 ; On                 ;
; Auto DSP Block Replacement                                       ; On                 ; On                 ;
; Auto Shift Register Replacement                                  ; Auto               ; Auto               ;
; Allow Shift Register Merging across Hierarchies                  ; Auto               ; Auto               ;
; Auto Clock Enable Replacement                                    ; On                 ; On                 ;
; Strict RAM Replacement                                           ; Off                ; Off                ;
; Allow Synchronous Control Signals                                ; On                 ; On                 ;
; Force Use of Synchronous Clear Signals                           ; Off                ; Off                ;
; Auto RAM Block Balancing                                         ; On                 ; On                 ;
; Auto RAM to Logic Cell Conversion                                ; Off                ; Off                ;
; Auto Resource Sharing                                            ; Off                ; Off                ;
; Allow Any RAM Size For Recognition                               ; Off                ; Off                ;
; Allow Any ROM Size For Recognition                               ; Off                ; Off                ;
; Allow Any Shift Register Size For Recognition                    ; Off                ; Off                ;
; Use LogicLock Constraints during Resource Balancing              ; On                 ; On                 ;
; Ignore translate_off and synthesis_off directives                ; Off                ; Off                ;
; Timing-Driven Synthesis                                          ; On                 ; On                 ;
; Report Parameter Settings                                        ; On                 ; On                 ;
; Report Source Assignments                                        ; On                 ; On                 ;
; Report Connectivity Checks                                       ; On                 ; On                 ;
; Ignore Maximum Fan-Out Assignments                               ; Off                ; Off                ;
; Synchronization Register Chain Length                            ; 2                  ; 2                  ;
; Power Optimization During Synthesis                              ; Normal compilation ; Normal compilation ;
; HDL message level                                                ; Level2             ; Level2             ;
; Suppress Register Optimization Related Messages                  ; Off                ; Off                ;
; Number of Removed Registers Reported in Synthesis Report         ; 5000               ; 5000               ;
; Number of Swept Nodes Reported in Synthesis Report               ; 5000               ; 5000               ;
; Number of Inverted Registers Reported in Synthesis Report        ; 100                ; 100                ;
; Clock MUX Protection                                             ; On                 ; On                 ;
; Auto Gated Clock Conversion                                      ; Off                ; Off                ;
; Block Design Naming                                              ; Auto               ; Auto               ;
; SDC constraint protection                                        ; Off                ; Off                ;
; Synthesis Effort                                                 ; Auto               ; Auto               ;
; Shift Register Replacement - Allow Asynchronous Clear Signal     ; On                 ; On                 ;
; Pre-Mapping Resynthesis Optimization                             ; Off                ; Off                ;
; Analysis & Synthesis Message Level                               ; Medium             ; Medium             ;
; Disable Register Merging Across Hierarchies                      ; Auto               ; Auto               ;
; Resource Aware Inference For Block RAM                           ; On                 ; On                 ;
+------------------------------------------------------------------+--------------------+--------------------+


+------------------------------------------+
; Parallel Compilation                     ;
+----------------------------+-------------+
; Processors                 ; Number      ;
+----------------------------+-------------+
; Number detected on machine ; 8           ;
; Maximum allowed            ; 4           ;
;                            ;             ;
; Average used               ; 1.00        ;
; Maximum used               ; 1           ;
;                            ;             ;
; Usage by Processor         ; % Time Used ;
;     Processor 1            ; 100.0%      ;
+----------------------------+-------------+


+-------------------------------+
; Analysis & Synthesis Messages ;
+-------------------------------+
Info: *******************************************************************
Info: Running Quartus Prime Analysis & Synthesis
    Info: Version 20.1.1 Build 720 11/11/2020 SJ Lite Edition
    Info: Processing started: Fri Jan 27 19:36:33 2023
Info: Command: quartus_map --read_settings_files=on --write_settings_files=off Stos -c Stos
Warning (18236): Number of processors has not been specified which may cause overloading on shared machines.  Set the global assignment NUM_PARALLEL_PROCESSORS in your QSF to an appropriate value for best performance.
Info (20030): Parallel compilation is enabled and will use 4 of the 4 processors detected
Info (12021): Found 2 design units, including 1 entities, in source file /users/banan/desktop/maxpplus_ii/wisniewski/sum8b.vhd
    Info (12022): Found design unit 1: sum8b-sum8b_arch File: C:/Users/banan/Desktop/maxPplus_II/wisniewski/sum8b.vhd Line: 10
    Info (12023): Found entity 1: sum8b File: C:/Users/banan/Desktop/maxPplus_II/wisniewski/sum8b.vhd Line: 5
Info (12021): Found 2 design units, including 1 entities, in source file /users/banan/desktop/maxpplus_ii/wisniewski/reg8b.vhd
    Info (12022): Found design unit 1: reg8b-reg8b_arch File: C:/Users/banan/Desktop/maxPplus_II/wisniewski/reg8b.vhd Line: 11
    Info (12023): Found entity 1: reg8b File: C:/Users/banan/Desktop/maxPplus_II/wisniewski/reg8b.vhd Line: 4
Info (12021): Found 2 design units, including 1 entities, in source file /users/banan/desktop/maxpplus_ii/wisniewski/mux4x1_8b.vhd
    Info (12022): Found design unit 1: mux4x1_8b-mux4x1_8b_arch File: C:/Users/banan/Desktop/maxPplus_II/wisniewski/mux4x1_8b.vhd Line: 10
    Info (12023): Found entity 1: mux4x1_8b File: C:/Users/banan/Desktop/maxPplus_II/wisniewski/mux4x1_8b.vhd Line: 4
Info (12021): Found 2 design units, including 1 entities, in source file /users/banan/desktop/maxpplus_ii/wisniewski/mux4x1_3b.vhd
    Info (12022): Found design unit 1: mux4x1_3b-mux4x1_3b_arch File: C:/Users/banan/Desktop/maxPplus_II/wisniewski/mux4x1_3b.vhd Line: 10
    Info (12023): Found entity 1: mux4x1_3b File: C:/Users/banan/Desktop/maxPplus_II/wisniewski/mux4x1_3b.vhd Line: 4
Info (12021): Found 2 design units, including 1 entities, in source file /users/banan/desktop/maxpplus_ii/wisniewski/mux4x1_2b.vhd
    Info (12022): Found design unit 1: mux4x1_2b-mux4x1_2b_arch File: C:/Users/banan/Desktop/maxPplus_II/wisniewski/mux4x1_2b.vhd Line: 10
    Info (12023): Found entity 1: mux4x1_2b File: C:/Users/banan/Desktop/maxPplus_II/wisniewski/mux4x1_2b.vhd Line: 4
Info (12021): Found 2 design units, including 1 entities, in source file /users/banan/desktop/maxpplus_ii/wisniewski/mux3x1_8b.vhd
    Info (12022): Found design unit 1: mux3x1_8b-mux3x1_8b_arch File: C:/Users/banan/Desktop/maxPplus_II/wisniewski/mux3x1_8b.vhd Line: 10
    Info (12023): Found entity 1: mux3x1_8b File: C:/Users/banan/Desktop/maxPplus_II/wisniewski/mux3x1_8b.vhd Line: 4
Info (12021): Found 2 design units, including 1 entities, in source file /users/banan/desktop/maxpplus_ii/wisniewski/mux3x1_2b.vhd
    Info (12022): Found design unit 1: mux3x1_2b-mux3x1_2b_arch File: C:/Users/banan/Desktop/maxPplus_II/wisniewski/mux3x1_2b.vhd Line: 10
    Info (12023): Found entity 1: mux3x1_2b File: C:/Users/banan/Desktop/maxPplus_II/wisniewski/mux3x1_2b.vhd Line: 4
Info (12021): Found 2 design units, including 1 entities, in source file /users/banan/desktop/maxpplus_ii/wisniewski/mux2x1_8b.vhd
    Info (12022): Found design unit 1: mux2x1_8b-mux2x1_8b_arch File: C:/Users/banan/Desktop/maxPplus_II/wisniewski/mux2x1_8b.vhd Line: 10
    Info (12023): Found entity 1: mux2x1_8b File: C:/Users/banan/Desktop/maxPplus_II/wisniewski/mux2x1_8b.vhd Line: 4
Info (12021): Found 2 design units, including 1 entities, in source file /users/banan/desktop/maxpplus_ii/wisniewski/mux2x1_2b.vhd
    Info (12022): Found design unit 1: mux2x1_2b-mux2x1_2b_arch File: C:/Users/banan/Desktop/maxPplus_II/wisniewski/mux2x1_2b.vhd Line: 10
    Info (12023): Found entity 1: mux2x1_2b File: C:/Users/banan/Desktop/maxPplus_II/wisniewski/mux2x1_2b.vhd Line: 4
Info (12021): Found 2 design units, including 1 entities, in source file /users/banan/desktop/maxpplus_ii/wisniewski/mux1x4_8b.vhd
    Info (12022): Found design unit 1: mux1x5_8b-mux1x5_8b_arch File: C:/Users/banan/Desktop/maxPplus_II/wisniewski/mux1x4_8b.vhd Line: 10
    Info (12023): Found entity 1: mux1x5_8b File: C:/Users/banan/Desktop/maxPplus_II/wisniewski/mux1x4_8b.vhd Line: 4
Info (12021): Found 2 design units, including 1 entities, in source file /users/banan/desktop/maxpplus_ii/wisniewski/mux1x3_8b.vhd
    Info (12022): Found design unit 1: mux1x3_8b-mux1x3_8b_arch File: C:/Users/banan/Desktop/maxPplus_II/wisniewski/mux1x3_8b.vhd Line: 10
    Info (12023): Found entity 1: mux1x3_8b File: C:/Users/banan/Desktop/maxPplus_II/wisniewski/mux1x3_8b.vhd Line: 4
Info (12021): Found 2 design units, including 1 entities, in source file /users/banan/desktop/maxpplus_ii/wisniewski/mux1x2_8b.vhd
    Info (12022): Found design unit 1: mux1x2_8b-mux1x2_8b_arch File: C:/Users/banan/Desktop/maxPplus_II/wisniewski/mux1x2_8b.vhd Line: 10
    Info (12023): Found entity 1: mux1x2_8b File: C:/Users/banan/Desktop/maxPplus_II/wisniewski/mux1x2_8b.vhd Line: 4
Info (12021): Found 2 design units, including 1 entities, in source file /users/banan/desktop/maxpplus_ii/wisniewski/gen_cl.vhd
    Info (12022): Found design unit 1: gen_cl-gen_cl_arch File: C:/Users/banan/Desktop/maxPplus_II/wisniewski/gen_cl.vhd Line: 10
    Info (12023): Found entity 1: gen_cl File: C:/Users/banan/Desktop/maxPplus_II/wisniewski/gen_cl.vhd Line: 5
Info (12021): Found 4 design units, including 2 entities, in source file /users/banan/desktop/maxpplus_ii/wisniewski/full_add_8b.vhd
    Info (12022): Found design unit 1: full_add-full_add_arch File: C:/Users/banan/Desktop/maxPplus_II/wisniewski/full_add_8b.vhd Line: 21
    Info (12022): Found design unit 2: full_add_8b-full_add_8b_arch File: C:/Users/banan/Desktop/maxPplus_II/wisniewski/full_add_8b.vhd Line: 27
    Info (12023): Found entity 1: full_add_8b File: C:/Users/banan/Desktop/maxPplus_II/wisniewski/full_add_8b.vhd Line: 4
    Info (12023): Found entity 2: full_add File: C:/Users/banan/Desktop/maxPplus_II/wisniewski/full_add_8b.vhd Line: 14
Info (12021): Found 2 design units, including 1 entities, in source file /users/banan/desktop/maxpplus_ii/wisniewski/dec2x4.vhd
    Info (12022): Found design unit 1: dec2x4-dec2x4_arch File: C:/Users/banan/Desktop/maxPplus_II/wisniewski/dec2x4.vhd Line: 11
    Info (12023): Found entity 1: dec2x4 File: C:/Users/banan/Desktop/maxPplus_II/wisniewski/dec2x4.vhd Line: 4
Info (12021): Found 2 design units, including 1 entities, in source file /users/banan/desktop/maxpplus_ii/wisniewski/comp_8b.vhd
    Info (12022): Found design unit 1: comp_8b-comp_8b_arch File: C:/Users/banan/Desktop/maxPplus_II/wisniewski/comp_8b.vhd Line: 10
    Info (12023): Found entity 1: comp_8b File: C:/Users/banan/Desktop/maxPplus_II/wisniewski/comp_8b.vhd Line: 5
Info (12021): Found 1 design units, including 1 entities, in source file stos.bdf
    Info (12023): Found entity 1: Stos
Info (12127): Elaborating entity "Stos" for the top level hierarchy
Error (275024): Width mismatch in port "we[7..0]" of instance "inst" and type mux1x5_8b -- source is ""pin_name1""
Error (12153): Can't elaborate top-level user hierarchy
Error: Quartus Prime Analysis & Synthesis was unsuccessful. 2 errors, 1 warning
    Error: Peak virtual memory: 4773 megabytes
    Error: Processing ended: Fri Jan 27 19:36:41 2023
    Error: Elapsed time: 00:00:08
    Error: Total CPU time (on all processors): 00:00:18


